{"level":"info","message":"    statusCode: 404, url: /users/33, body: null, queryParameters: {\"userId\":\"33\"}"}
{"level":"info","message":"    statusCode: 200, url: /users, body: null, queryParameters: {}"}
{"level":"info","message":"    statusCode: 201, url: /users, body: {\"name\":\"TEST_USER\",\"login\":\"test_user\",\"password\":\"T35t_P@55w0rd\"}, queryParameters: {}"}
{"level":"info","message":"    statusCode: 200, url: /users/09b43db1-c9cb-4b9f-a986-ad489ed640a8, body: null, queryParameters: {\"userId\":\"09b43db1-c9cb-4b9f-a986-ad489ed640a8\"}"}
{"level":"info","message":"    statusCode: 200, url: /users/09b43db1-c9cb-4b9f-a986-ad489ed640a8, body: null, queryParameters: {\"userId\":\"09b43db1-c9cb-4b9f-a986-ad489ed640a8\"}"}
{"level":"info","message":"    statusCode: 201, url: /users, body: {\"name\":\"TEST_USER\",\"login\":\"test_user\",\"password\":\"T35t_P@55w0rd\"}, queryParameters: {}"}
{"level":"info","message":"    statusCode: 200, url: /users/67886dcc-f855-4e53-98b1-2b289a6f517b, body: null, queryParameters: {\"userId\":\"67886dcc-f855-4e53-98b1-2b289a6f517b\"}"}
{"level":"info","message":"    statusCode: 201, url: /users, body: {\"name\":\"TEST_USER\",\"login\":\"test_user\",\"password\":\"T35t_P@55w0rd\"}, queryParameters: {}"}
{"level":"info","message":"    statusCode: 200, url: /users/abe22a6b-3e27-4bf0-9ee3-589a4660a155, body: {\"name\":\"Autotest updated TEST_USER\",\"login\":\"test_user\",\"password\":\"T35t_P@55w0rd\",\"id\":\"abe22a6b-3e27-4bf0-9ee3-589a4660a155\"}, queryParameters: {\"userId\":\"abe22a6b-3e27-4bf0-9ee3-589a4660a155\"}"}
{"level":"info","message":"    statusCode: 200, url: /users/abe22a6b-3e27-4bf0-9ee3-589a4660a155, body: null, queryParameters: {\"userId\":\"abe22a6b-3e27-4bf0-9ee3-589a4660a155\"}"}
{"level":"info","message":"    statusCode: 200, url: /users/abe22a6b-3e27-4bf0-9ee3-589a4660a155, body: null, queryParameters: {\"userId\":\"abe22a6b-3e27-4bf0-9ee3-589a4660a155\"}"}
{"level":"info","message":"    statusCode: 201, url: /users, body: {\"name\":\"TEST_USER\",\"login\":\"test_user\",\"password\":\"T35t_P@55w0rd\"}, queryParameters: {}"}
{"level":"info","message":"    statusCode: 200, url: /users/b9262b00-7091-4243-ae33-c2620b46d4ea, body: null, queryParameters: {\"userId\":\"b9262b00-7091-4243-ae33-c2620b46d4ea\"}"}
{"level":"info","message":"    statusCode: 201, url: /users, body: {\"name\":\"TEST_USER\",\"login\":\"test_user\",\"password\":\"T35t_P@55w0rd\"}, queryParameters: {}"}
{"level":"info","message":"    statusCode: 201, url: /boards, body: {\"title\":\"Autotest board\",\"columns\":[{\"title\":\"Backlog\",\"order\":1},{\"title\":\"Sprint\",\"order\":2,\"id\":\"a9b1e7d2-7e93-4c12-a686-d7e353f15497\"}]}, queryParameters: {}"}
{"level":"info","message":"    statusCode: 201, url: /boards/84f66603-bf33-473d-8284-e5bb455e1f40/tasks, body: {\"title\":\"Task #1\",\"order\":1,\"description\":\"Lorem ipsum\",\"userId\":\"83173fe5-350e-4388-80ee-b0ded4c77794\",\"boardId\":\"84f66603-bf33-473d-8284-e5bb455e1f40\"}, queryParameters: {\"boardId\":\"84f66603-bf33-473d-8284-e5bb455e1f40\"}"}
{"level":"info","message":"    statusCode: 201, url: /boards/84f66603-bf33-473d-8284-e5bb455e1f40/tasks, body: {\"title\":\"Task #2\",\"order\":2,\"description\":\"Lorem ipsum\",\"userId\":\"83173fe5-350e-4388-80ee-b0ded4c77794\",\"boardId\":\"84f66603-bf33-473d-8284-e5bb455e1f40\"}, queryParameters: {\"boardId\":\"84f66603-bf33-473d-8284-e5bb455e1f40\"}"}
{"level":"info","message":"    statusCode: 200, url: /users/83173fe5-350e-4388-80ee-b0ded4c77794, body: null, queryParameters: {\"userId\":\"83173fe5-350e-4388-80ee-b0ded4c77794\"}"}
{"level":"info","message":"    statusCode: 200, url: /boards/84f66603-bf33-473d-8284-e5bb455e1f40/tasks/42926eb5-99f7-4208-8312-31da429c0b19, body: null, queryParameters: {\"boardId\":\"84f66603-bf33-473d-8284-e5bb455e1f40\",\"taskId\":\"42926eb5-99f7-4208-8312-31da429c0b19\"}"}
{"level":"info","message":"    statusCode: 200, url: /boards/84f66603-bf33-473d-8284-e5bb455e1f40/tasks/33791cb0-6616-4be9-948a-2db5a70ef284, body: null, queryParameters: {\"boardId\":\"84f66603-bf33-473d-8284-e5bb455e1f40\",\"taskId\":\"33791cb0-6616-4be9-948a-2db5a70ef284\"}"}
{"level":"info","message":"    statusCode: 200, url: /boards/84f66603-bf33-473d-8284-e5bb455e1f40/tasks/42926eb5-99f7-4208-8312-31da429c0b19, body: null, queryParameters: {\"boardId\":\"84f66603-bf33-473d-8284-e5bb455e1f40\",\"taskId\":\"42926eb5-99f7-4208-8312-31da429c0b19\"}"}
{"level":"info","message":"    statusCode: 200, url: /boards/84f66603-bf33-473d-8284-e5bb455e1f40/tasks/33791cb0-6616-4be9-948a-2db5a70ef284, body: null, queryParameters: {\"boardId\":\"84f66603-bf33-473d-8284-e5bb455e1f40\",\"taskId\":\"33791cb0-6616-4be9-948a-2db5a70ef284\"}"}
{"level":"info","message":"    statusCode: 200, url: /boards/84f66603-bf33-473d-8284-e5bb455e1f40, body: null, queryParameters: {\"boardId\":\"84f66603-bf33-473d-8284-e5bb455e1f40\"}"}
{"level":"info","message":"    statusCode: 201, url: /boards, body: {\"title\":\"Autotest board\",\"columns\":[{\"title\":\"Backlog\",\"order\":1},{\"title\":\"Sprint\",\"order\":2,\"id\":\"b6699354-2849-42f1-abd4-a779cfb414da\"}]}, queryParameters: {}"}
{"level":"info","message":"    statusCode: 200, url: /boards, body: null, queryParameters: {}"}
{"level":"info","message":"    statusCode: 200, url: /boards, body: null, queryParameters: {}"}
{"level":"info","message":"    statusCode: 200, url: /boards/ba2d8ac5-280c-49f2-82d4-7668abc258a8, body: null, queryParameters: {\"boardId\":\"ba2d8ac5-280c-49f2-82d4-7668abc258a8\"}"}
{"level":"info","message":"    statusCode: 201, url: /boards, body: {\"title\":\"Autotest board\",\"columns\":[{\"title\":\"Backlog\",\"order\":1},{\"title\":\"Sprint\",\"order\":2,\"id\":\"5acb82f1-9192-4289-b118-f73407b6306d\"}]}, queryParameters: {}"}
{"level":"info","message":"    statusCode: 200, url: /boards/7166c1da-68f4-4d3f-8c8d-f2f57d2120e7, body: null, queryParameters: {\"boardId\":\"7166c1da-68f4-4d3f-8c8d-f2f57d2120e7\"}"}
{"level":"info","message":"    statusCode: 201, url: /boards, body: {\"title\":\"Autotest board\",\"columns\":[{\"title\":\"Backlog\",\"order\":1},{\"title\":\"Sprint\",\"order\":2,\"id\":\"a29497be-86e5-4334-88db-fc0f3426582e\"}]}, queryParameters: {}"}
{"level":"info","message":"    statusCode: 200, url: /boards/d5a7ec7e-3c6b-4073-87bd-b3c1e35816a9, body: {\"id\":\"d5a7ec7e-3c6b-4073-87bd-b3c1e35816a9\",\"title\":\"Autotest updated board\",\"columns\":[{\"title\":\"Backlog\",\"order\":1},{\"title\":\"Sprint\",\"order\":2,\"id\":\"a29497be-86e5-4334-88db-fc0f3426582e\"}]}, queryParameters: {\"boardId\":\"d5a7ec7e-3c6b-4073-87bd-b3c1e35816a9\"}"}
{"level":"info","message":"    statusCode: 200, url: /boards/d5a7ec7e-3c6b-4073-87bd-b3c1e35816a9, body: null, queryParameters: {\"boardId\":\"d5a7ec7e-3c6b-4073-87bd-b3c1e35816a9\"}"}
{"level":"info","message":"    statusCode: 200, url: /boards/d5a7ec7e-3c6b-4073-87bd-b3c1e35816a9, body: null, queryParameters: {\"boardId\":\"d5a7ec7e-3c6b-4073-87bd-b3c1e35816a9\"}"}
{"level":"info","message":"    statusCode: 201, url: /boards, body: {\"title\":\"Autotest board\",\"columns\":[{\"title\":\"Backlog\",\"order\":1},{\"title\":\"Sprint\",\"order\":2,\"id\":\"e02d6a86-c9ba-423d-a74d-afc009bc5a1d\"}]}, queryParameters: {}"}
{"level":"info","message":"    statusCode: 200, url: /boards/3abf1be3-0be7-455e-95ac-e6882a1edb31, body: null, queryParameters: {\"boardId\":\"3abf1be3-0be7-455e-95ac-e6882a1edb31\"}"}
{"level":"info","message":"    statusCode: 404, url: /boards/3abf1be3-0be7-455e-95ac-e6882a1edb31, body: null, queryParameters: {\"boardId\":\"3abf1be3-0be7-455e-95ac-e6882a1edb31\"}"}
{"level":"info","message":"    statusCode: 201, url: /boards, body: {\"title\":\"Autotest board\",\"columns\":[{\"title\":\"Backlog\",\"order\":1},{\"title\":\"Sprint\",\"order\":2,\"id\":\"0b26f3ff-fe08-42c0-920c-e1acff1a83e8\"}]}, queryParameters: {}"}
{"level":"info","message":"    statusCode: 201, url: /boards/84b92fcf-6756-4f11-9976-6c16ea5be425/tasks, body: {\"title\":\"Task #1\",\"order\":1,\"description\":\"Lorem ipsum\",\"boardId\":\"84b92fcf-6756-4f11-9976-6c16ea5be425\",\"userId\":null,\"columnId\":null}, queryParameters: {\"boardId\":\"84b92fcf-6756-4f11-9976-6c16ea5be425\"}"}
{"level":"info","message":"    statusCode: 201, url: /boards/84b92fcf-6756-4f11-9976-6c16ea5be425/tasks, body: {\"title\":\"Task #2\",\"order\":2,\"description\":\"Lorem ipsum\",\"boardId\":\"84b92fcf-6756-4f11-9976-6c16ea5be425\",\"userId\":null,\"columnId\":null}, queryParameters: {\"boardId\":\"84b92fcf-6756-4f11-9976-6c16ea5be425\"}"}
{"level":"info","message":"    statusCode: 201, url: /boards/84b92fcf-6756-4f11-9976-6c16ea5be425/tasks, body: {\"title\":\"Task #3\",\"order\":3,\"description\":\"Lorem ipsum\",\"boardId\":\"84b92fcf-6756-4f11-9976-6c16ea5be425\",\"userId\":null,\"columnId\":null}, queryParameters: {\"boardId\":\"84b92fcf-6756-4f11-9976-6c16ea5be425\"}"}
{"level":"info","message":"    statusCode: 201, url: /boards/84b92fcf-6756-4f11-9976-6c16ea5be425/tasks, body: {\"title\":\"Task #4\",\"order\":4,\"description\":\"Lorem ipsum\",\"boardId\":\"84b92fcf-6756-4f11-9976-6c16ea5be425\",\"userId\":null,\"columnId\":null}, queryParameters: {\"boardId\":\"84b92fcf-6756-4f11-9976-6c16ea5be425\"}"}
{"level":"info","message":"    statusCode: 201, url: /boards/84b92fcf-6756-4f11-9976-6c16ea5be425/tasks, body: {\"title\":\"Task #5\",\"order\":5,\"description\":\"Lorem ipsum\",\"boardId\":\"84b92fcf-6756-4f11-9976-6c16ea5be425\",\"userId\":null,\"columnId\":null}, queryParameters: {\"boardId\":\"84b92fcf-6756-4f11-9976-6c16ea5be425\"}"}
{"level":"info","message":"    statusCode: 200, url: /boards/84b92fcf-6756-4f11-9976-6c16ea5be425/tasks/f7d010ae-1dd4-478f-bd57-9b0542d3f3f2, body: null, queryParameters: {\"boardId\":\"84b92fcf-6756-4f11-9976-6c16ea5be425\",\"taskId\":\"f7d010ae-1dd4-478f-bd57-9b0542d3f3f2\"}"}
{"level":"info","message":"    statusCode: 200, url: /boards/84b92fcf-6756-4f11-9976-6c16ea5be425/tasks/11a770aa-c4a5-4351-9c78-3e65911558e5, body: null, queryParameters: {\"boardId\":\"84b92fcf-6756-4f11-9976-6c16ea5be425\",\"taskId\":\"11a770aa-c4a5-4351-9c78-3e65911558e5\"}"}
{"level":"info","message":"    statusCode: 200, url: /boards/84b92fcf-6756-4f11-9976-6c16ea5be425/tasks/d82735fd-34f0-4036-9b5a-265103c0078e, body: null, queryParameters: {\"boardId\":\"84b92fcf-6756-4f11-9976-6c16ea5be425\",\"taskId\":\"d82735fd-34f0-4036-9b5a-265103c0078e\"}"}
{"level":"info","message":"    statusCode: 200, url: /boards/84b92fcf-6756-4f11-9976-6c16ea5be425/tasks/7cca1416-8f23-432c-a776-ba56932a7e27, body: null, queryParameters: {\"boardId\":\"84b92fcf-6756-4f11-9976-6c16ea5be425\",\"taskId\":\"7cca1416-8f23-432c-a776-ba56932a7e27\"}"}
{"level":"info","message":"    statusCode: 200, url: /boards/84b92fcf-6756-4f11-9976-6c16ea5be425/tasks/ee19765f-c5e3-443f-8cac-2a87d86604d5, body: null, queryParameters: {\"boardId\":\"84b92fcf-6756-4f11-9976-6c16ea5be425\",\"taskId\":\"ee19765f-c5e3-443f-8cac-2a87d86604d5\"}"}
{"level":"info","message":"    statusCode: 200, url: /boards/84b92fcf-6756-4f11-9976-6c16ea5be425, body: null, queryParameters: {\"boardId\":\"84b92fcf-6756-4f11-9976-6c16ea5be425\"}"}
{"level":"info","message":"    statusCode: 404, url: /boards/84b92fcf-6756-4f11-9976-6c16ea5be425/tasks/f7d010ae-1dd4-478f-bd57-9b0542d3f3f2, body: null, queryParameters: {\"boardId\":\"84b92fcf-6756-4f11-9976-6c16ea5be425\",\"taskId\":\"f7d010ae-1dd4-478f-bd57-9b0542d3f3f2\"}"}
{"level":"info","message":"    statusCode: 404, url: /boards/84b92fcf-6756-4f11-9976-6c16ea5be425/tasks/11a770aa-c4a5-4351-9c78-3e65911558e5, body: null, queryParameters: {\"boardId\":\"84b92fcf-6756-4f11-9976-6c16ea5be425\",\"taskId\":\"11a770aa-c4a5-4351-9c78-3e65911558e5\"}"}
{"level":"info","message":"    statusCode: 404, url: /boards/84b92fcf-6756-4f11-9976-6c16ea5be425/tasks/d82735fd-34f0-4036-9b5a-265103c0078e, body: null, queryParameters: {\"boardId\":\"84b92fcf-6756-4f11-9976-6c16ea5be425\",\"taskId\":\"d82735fd-34f0-4036-9b5a-265103c0078e\"}"}
{"level":"info","message":"    statusCode: 404, url: /boards/84b92fcf-6756-4f11-9976-6c16ea5be425/tasks/7cca1416-8f23-432c-a776-ba56932a7e27, body: null, queryParameters: {\"boardId\":\"84b92fcf-6756-4f11-9976-6c16ea5be425\",\"taskId\":\"7cca1416-8f23-432c-a776-ba56932a7e27\"}"}
{"level":"info","message":"    statusCode: 404, url: /boards/84b92fcf-6756-4f11-9976-6c16ea5be425/tasks/ee19765f-c5e3-443f-8cac-2a87d86604d5, body: null, queryParameters: {\"boardId\":\"84b92fcf-6756-4f11-9976-6c16ea5be425\",\"taskId\":\"ee19765f-c5e3-443f-8cac-2a87d86604d5\"}"}
{"level":"info","message":"    statusCode: 200, url: /boards/ba2d8ac5-280c-49f2-82d4-7668abc258a8, body: null, queryParameters: {\"boardId\":\"ba2d8ac5-280c-49f2-82d4-7668abc258a8\"}"}
{"level":"info","message":"    statusCode: 201, url: /boards, body: {\"title\":\"Autotest board\",\"columns\":[{\"title\":\"Backlog\",\"order\":1},{\"title\":\"Sprint\",\"order\":2,\"id\":\"c4bb57c8-b298-49d6-afed-106f7e5acd24\"}]}, queryParameters: {}"}
{"level":"info","message":"    statusCode: 201, url: /boards/19e0d858-34ec-4f46-bef7-c4689e14f5e5/tasks, body: {\"title\":\"Autotest task\",\"order\":0,\"description\":\"Lorem ipsum\",\"userId\":null,\"boardId\":null,\"columnId\":null}, queryParameters: {\"boardId\":\"19e0d858-34ec-4f46-bef7-c4689e14f5e5\"}"}
{"level":"info","message":"    statusCode: 200, url: /boards/19e0d858-34ec-4f46-bef7-c4689e14f5e5/tasks, body: null, queryParameters: {\"boardId\":\"19e0d858-34ec-4f46-bef7-c4689e14f5e5\"}"}
{"level":"info","message":"    statusCode: 200, url: /boards/19e0d858-34ec-4f46-bef7-c4689e14f5e5/tasks, body: null, queryParameters: {\"boardId\":\"19e0d858-34ec-4f46-bef7-c4689e14f5e5\"}"}
{"level":"info","message":"    statusCode: 200, url: /boards/19e0d858-34ec-4f46-bef7-c4689e14f5e5/tasks/398f5003-2664-4fb9-a27d-77b561a381d5, body: null, queryParameters: {\"boardId\":\"19e0d858-34ec-4f46-bef7-c4689e14f5e5\",\"taskId\":\"398f5003-2664-4fb9-a27d-77b561a381d5\"}"}
{"level":"info","message":"    statusCode: 201, url: /boards/19e0d858-34ec-4f46-bef7-c4689e14f5e5/tasks, body: {\"title\":\"Autotest task\",\"order\":0,\"description\":\"Lorem ipsum\",\"userId\":null,\"boardId\":null,\"columnId\":null}, queryParameters: {\"boardId\":\"19e0d858-34ec-4f46-bef7-c4689e14f5e5\"}"}
{"level":"info","message":"    statusCode: 200, url: /boards/19e0d858-34ec-4f46-bef7-c4689e14f5e5/tasks/f371352a-b336-4b19-85ea-23164fb003f3, body: null, queryParameters: {\"boardId\":\"19e0d858-34ec-4f46-bef7-c4689e14f5e5\",\"taskId\":\"f371352a-b336-4b19-85ea-23164fb003f3\"}"}
{"level":"info","message":"    statusCode: 201, url: /boards/19e0d858-34ec-4f46-bef7-c4689e14f5e5/tasks, body: {\"title\":\"Autotest task\",\"order\":0,\"description\":\"Lorem ipsum\",\"userId\":null,\"boardId\":null,\"columnId\":null}, queryParameters: {\"boardId\":\"19e0d858-34ec-4f46-bef7-c4689e14f5e5\"}"}
{"level":"info","message":"    statusCode: 200, url: /boards/19e0d858-34ec-4f46-bef7-c4689e14f5e5/tasks/1e3baee2-169b-41eb-a851-3e0221916391, body: {\"id\":\"1e3baee2-169b-41eb-a851-3e0221916391\",\"title\":\"Autotest updated task\",\"order\":0,\"description\":\"Lorem ipsum\",\"userId\":null,\"boardId\":\"19e0d858-34ec-4f46-bef7-c4689e14f5e5\",\"columnId\":null}, queryParameters: {\"theBoardId\":\"19e0d858-34ec-4f46-bef7-c4689e14f5e5\",\"taskId\":\"1e3baee2-169b-41eb-a851-3e0221916391\"}"}
{"level":"info","message":"    statusCode: 200, url: /boards/19e0d858-34ec-4f46-bef7-c4689e14f5e5/tasks/1e3baee2-169b-41eb-a851-3e0221916391, body: null, queryParameters: {\"boardId\":\"19e0d858-34ec-4f46-bef7-c4689e14f5e5\",\"taskId\":\"1e3baee2-169b-41eb-a851-3e0221916391\"}"}
{"level":"info","message":"    statusCode: 200, url: /boards/19e0d858-34ec-4f46-bef7-c4689e14f5e5/tasks/398f5003-2664-4fb9-a27d-77b561a381d5, body: null, queryParameters: {\"boardId\":\"19e0d858-34ec-4f46-bef7-c4689e14f5e5\",\"taskId\":\"398f5003-2664-4fb9-a27d-77b561a381d5\"}"}
{"level":"info","message":"    statusCode: 200, url: /boards/19e0d858-34ec-4f46-bef7-c4689e14f5e5/tasks/398f5003-2664-4fb9-a27d-77b561a381d5, body: null, queryParameters: {\"boardId\":\"19e0d858-34ec-4f46-bef7-c4689e14f5e5\",\"taskId\":\"398f5003-2664-4fb9-a27d-77b561a381d5\"}"}
{"level":"info","message":"    statusCode: 404, url: /boards/19e0d858-34ec-4f46-bef7-c4689e14f5e5/tasks/398f5003-2664-4fb9-a27d-77b561a381d5, body: null, queryParameters: {\"boardId\":\"19e0d858-34ec-4f46-bef7-c4689e14f5e5\",\"taskId\":\"398f5003-2664-4fb9-a27d-77b561a381d5\"}"}
{"level":"info","message":"    statusCode: 200, url: /boards/19e0d858-34ec-4f46-bef7-c4689e14f5e5, body: null, queryParameters: {\"boardId\":\"19e0d858-34ec-4f46-bef7-c4689e14f5e5\"}"}
